<?xml version="1.0" encoding="UTF-8"?>
<!-- Generated by org.testng.reporters.JUnitXMLReporter -->
<testsuite ignored="0" hostname="LAPTOP-0RL4LT3R" failures="0" tests="3" name="Default test" time="2.72" errors="0" timestamp="22 Mar 2021 10:50:35 GMT">
  <testcase classname="com.qa.opencart.base.BaseTest" name="@BeforeTest setUp" time="0.0">
    <failure type="org.testng.TestNGException" message="
Parameter &amp;apos;browser&amp;apos; is required by BeforeTest on method setUp but has not been marked @Optional or defined
in C:\Users\visha\AppData\Local\Temp\testng-eclipse-144621990\testng-customsuite.xml">
      <![CDATA[org.testng.TestNGException: 
Parameter 'browser' is required by BeforeTest on method setUp but has not been marked @Optional or defined
in C:\Users\visha\AppData\Local\Temp\testng-eclipse-144621990\testng-customsuite.xml
at org.testng.internal.Parameters.createParams(Parameters.java:290)
at org.testng.internal.Parameters.createParametersForMethod(Parameters.java:359)
at org.testng.internal.Parameters.createParameters(Parameters.java:620)
at org.testng.internal.Parameters.createConfigurationParameters(Parameters.java:190)
at org.testng.internal.Invoker.invokeConfigurations(Invoker.java:209)
at org.testng.internal.Invoker.invokeConfigurations(Invoker.java:142)
at org.testng.TestRunner.beforeRun(TestRunner.java:529)
at org.testng.TestRunner.run(TestRunner.java:497)
at org.testng.SuiteRunner.runTest(SuiteRunner.java:455)
at org.testng.SuiteRunner.runSequentially(SuiteRunner.java:450)
at org.testng.SuiteRunner.privateRun(SuiteRunner.java:415)
at org.testng.SuiteRunner.run(SuiteRunner.java:364)
at org.testng.SuiteRunnerWorker.runSuite(SuiteRunnerWorker.java:52)
at org.testng.SuiteRunnerWorker.run(SuiteRunnerWorker.java:84)
at org.testng.TestNG.runSuitesSequentially(TestNG.java:1208)
at org.testng.TestNG.runSuitesLocally(TestNG.java:1137)
at org.testng.TestNG.runSuites(TestNG.java:1049)
at org.testng.TestNG.run(TestNG.java:1017)
at org.testng.remote.AbstractRemoteTestNG.run(AbstractRemoteTestNG.java:115)
at org.testng.remote.RemoteTestNG.initAndRun(RemoteTestNG.java:251)
at org.testng.remote.RemoteTestNG.main(RemoteTestNG.java:77)
]]>
    </failure>
  </testcase> <!-- @BeforeTest setUp -->
  <testcase classname="com.qa.opencart.tests.ProductInfoPageTest" name="@BeforeClass ProductsPageSetUp" time="0.0">
    <skipped/>
  </testcase> <!-- @BeforeClass ProductsPageSetUp -->
  <testcase classname="com.qa.opencart.base.BaseTest" name="@AfterTest tearDown" time="0.0">
    <skipped/>
  </testcase> <!-- @AfterTest tearDown -->
  <testcase classname="com.qa.opencart.tests.ProductInfoPageTest" name="ProductInfoPageTitleTest_iMac" time="0.0">
    <skipped/>
  </testcase> <!-- ProductInfoPageTitleTest_iMac -->
  <testcase classname="com.qa.opencart.tests.ProductInfoPageTest" name="verifyProductInfoTest_MacBook" time="0.0">
    <skipped/>
  </testcase> <!-- verifyProductInfoTest_MacBook -->
  <testcase classname="com.qa.opencart.tests.ProductInfoPageTest" name="verifyProductInfoTest_iMac" time="0.0">
    <skipped/>
  </testcase> <!-- verifyProductInfoTest_iMac -->
</testsuite> <!-- Default test -->
